e.recipes.botania.runic_altar('2x botania:rune_water',
    ['#forge:dusts/mana', '#forge:ingots/manasteel', 'thermal:blizz_powder', '#upgrade_aquatic:coralstone/infused', 'minecraft:kelp', 'aquaculture:diamond_hook'],
	16000
).id('botania:runic_altar/water')

e.recipes.botania.runic_altar('2x botania:rune_fire',
    ['#forge:dusts/mana', '#forge:ingots/manasteel', 'minecraft:blaze_powder', 'quark:magma_bricks', 'undergarden:ditchbulb', 'quark:white_candle'],
	16000
).id('botania:runic_altar/fire')

e.recipes.botania.runic_altar('2x botania:rune_earth',
    ['#forge:dusts/mana', '#forge:ingots/manasteel', 'thermal:basalz_powder', 'undergarden:shiverstone', '#quark:runes', 'aquaculture:worm'],
	16000
).id('botania:runic_altar/earth')

e.recipes.botania.runic_altar('2x botania:rune_air',
    ['#forge:dusts/mana', '#forge:ingots/manasteel', 'thermal:blitz_powder', 'kubejs:replaceme', 'quark:bottled_cloud', 'alexsmobs:guster_eye'],
	16000
).id('botania:runic_altar/air')

e.recipes.botania.runic_altar('botania:rune_mana',
    ['#forge:ingots/manasteel', '#forge:ingots/manasteel', 'naturesaura:sky_ingot', '#forge:ingots/manasteel', '#forge:ingots/manasteel', 'botania:mana_pearl', 'kubejs:replaceme'],
	96000
).id('botania:runic_altar/mana')

e.recipes.botania.runic_altar('botania:rune_spring',
    ['#botania:runes/water', '#botania:runes/fire', 'naturesaura:birth_spirit', 'thermal:syrup_bottle', ['kubejs:replaceme', 'kubejs:replaceme', 'kubejs:replaceme', 'kubejs:replaceme', 'kubejs:replaceme', 'minecraft:pink_tulip', 'minecraft:white_tulip', 'minecraft:orange_tulip', 'minecraft:red_tulip'], ['kubejs:replaceme', 'kubejs:replaceme', 'kubejs:replaceme', 'kubejs:replaceme', 'kubejs:replaceme', 'minecraft:pink_tulip', 'minecraft:white_tulip', 'minecraft:orange_tulip', 'minecraft:red_tulip'], 'quark:turf', 'quark:turf', 'kubejs:replaceme'],
	32000
).id('botania:runic_altar/spring')

e.recipes.botania.runic_altar('botania:rune_summer',
    ['#botania:runes/earth', '#botania:runes/air', '#forge:sand', '#forge:sand', 'farmersdelight:melon_popsicle', 'farmersdelight:melon_popsicle', '#forge:pies', '#forge:pies', 'kubejs:replaceme'],
	32000
).id('botania:runic_altar/summer')

e.recipes.botania.runic_altar('botania:rune_autumn',
    ['#botania:runes/fire', '#botania:runes/air', 'minecraft:carved_pumpkin', 'minecraft:carved_pumpkin', 'create:honeyed_apple', 'create:honeyed_apple', 'farmersdelight:hot_cocoa', 'farmersdelight:hot_cocoa', 'kubejs:replaceme'],
	32000
).id('botania:runic_altar/autumn')

e.recipes.botania.runic_altar('botania:rune_winter',
    ['#botania:runes/water', '#botania:runes/earth', 'farmersdelight:shepherds_pie_block', '#upgrade_aquatic:bedrolls', '#forge:hay_bales', '#forge:hay_bales', 'kubejs:replaceme', 'kubejs:replaceme', 'kubejs:replaceme'],
	32000
).id('botania:runic_altar/winter')

e.recipes.botania.runic_altar('botania:rune_envy',
    ['bloodmagic:weakbloodshard', 'kubejs:replaceme', '#botania:runes/winter', '#botania:runes/water', 'kubejs:replaceme'],
	64000
).id('botania:runic_altar/envy')

e.recipes.botania.runic_altar('botania:rune_gluttony',
    ['bloodmagic:weakbloodshard', 'kubejs:replaceme', '#botania:runes/winter', '#botania:runes/fire', 'kubejs:replaceme'],
	64000
).id('botania:runic_altar/gluttony')

e.recipes.botania.runic_altar('botania:rune_greed',
    ['bloodmagic:weakbloodshard', 'kubejs:replaceme', '#botania:runes/spring', '#botania:runes/water', 'kubejs:replaceme'],
	64000
).id('botania:runic_altar/greed')

e.recipes.botania.runic_altar('botania:rune_lust',
    ['bloodmagic:weakbloodshard', 'kubejs:replaceme', '#botania:runes/summer', '#botania:runes/air', 'kubejs:replaceme'],
	64000
).id('botania:runic_altar/lust')

e.recipes.botania.runic_altar('botania:rune_pride',
    ['bloodmagic:weakbloodshard', 'kubejs:replaceme', '#botania:runes/summer', '#botania:runes/fire', 'kubejs:replaceme'],
	64000
).id('botania:runic_altar/pride')

e.recipes.botania.runic_altar('botania:rune_sloth',
    ['bloodmagic:weakbloodshard', 'kubejs:replaceme', '#botania:runes/autumn', '#botania:runes/air', 'kubejs:replaceme'],
	64000
).id('botania:runic_altar/sloth')

e.recipes.botania.runic_altar('botania:rune_wrath',
    ['bloodmagic:weakbloodshard', 'kubejs:replaceme', '#botania:runes/winter', '#botania:runes/earth', 'kubejs:replaceme'],
	64000
).id('botania:runic_altar/wrath')

e.recipes.botania.runic_altar('mythicbotany:alfheim_rune',
    ['#forge:ingots/alfsteel', '#botania:runes/air', '#botania:runes/summer', '#botania:runes/lust', 'naturesaura:gold_leaf'],
	96000
).id('mythicbotany:runic_altar/alfheim')

e.recipes.botania.runic_altar('mythicbotany:asgard_rune',
    ['#forge:ingots/sky', '#botania:runes/air', '#botania:runes/autumn', '#botania:runes/pride', 'botania:bifrost_perm'],
	96000
).id('mythicbotany:runic_altar/asgard')

e.recipes.botania.runic_altar('mythicbotany:helheim_rune',
    ['#forge:ingots/tainted_gold', '#botania:runes/fire', '#botania:runes/autumn', '#botania:runes/envy', ['eidolon:zombie_heart', 'eidolon:wraith_heart']],
	96000
).id('mythicbotany:runic_altar/helheim')

e.recipes.botania.runic_altar('mythicbotany:joetunheim_rune',
    ['#forge:ingots/netherite', '#botania:runes/earth', '#botania:runes/autumn', '#botania:runes/gluttony', 'naturesaura:infused_stone'],
	96000
).id('mythicbotany:runic_altar/joetunheim')

e.recipes.botania.runic_altar('mythicbotany:midgard_rune',
    ['#forge:ingots/terrasteel', '#botania:runes/earth', '#botania:runes/spring', '#botania:runes/greed', 'minecraft:podzol'],
	96000
).id('mythicbotany:runic_altar/midgard')

e.recipes.botania.runic_altar('mythicbotany:muspelheim_rune',
    ['#forge:ingots/refined_glowstone', '#botania:runes/fire', '#botania:runes/summer', '#botania:runes/wrath', 'create:refined_radiance_casing'],
	96000
).id('mythicbotany:runic_altar/muspelheim')

e.recipes.botania.runic_altar('mythicbotany:nidavellir_rune',
    ['#forge:ingots/arcane_gold', '#botania:runes/earth', '#botania:runes/winter', '#botania:runes/sloth', 'eidolon:shadow_gem'],
	96000
).id('mythicbotany:runic_altar/nidavellir')

e.recipes.botania.runic_altar('mythicbotany:niflheim_rune',
    ['#forge:ingots/refined_obsidian', '#botania:runes/water', '#botania:runes/winter', '#botania:runes/wrath', 'create:shadow_steel_casing'],
	96000
).id('mythicbotany:runic_altar/niflheim')

e.recipes.botania.runic_altar('mythicbotany:vanaheim_rune',
    ['#forge:ingots/iesnium', '#botania:runes/earth', '#botania:runes/spring', '#botania:runes/pride', 'bloodmagic:seersigil'],
	96000
).id('mythicbotany:runic_altar/vanaheim')

e.recipes.botania.runic_altar('bloodmagic:speedrune',
    ['bloodmagic:blankrune', 'quark:white_rune', 'bloodmagic:blankslate', 'ars_nouveau:glyph_accelerate', 'bloodmagic:blankslate', 'kubejs:cutting_essence', 'quark:white_rune', 'bloodmagic:blankslate', 'ars_nouveau:glyph_accelerate', 'bloodmagic:blankslate'],
	16000
).id('kubejs:blood_rune_speed')

e.recipes.botania.runic_altar('bloodmagic:chargingrune',
    ['bloodmagic:blankrune', ['quark:green_rune', 'quark:lime_rune'], 'architects_palette:moonstone', 'ars_nouveau:glyph_delay', 'bloodmagic:reinforcedslate', 'kubejs:cutting_essence', ['quark:green_rune', 'quark:lime_rune'], 'architects_palette:moonstone', 'ars_nouveau:glyph_delay', 'bloodmagic:reinforcedslate'],
	32000
).id('kubejs:blood_rune_charging')

e.recipes.botania.runic_altar('bloodmagic:sacrificerune',
    ['bloodmagic:blankrune', 'quark:red_rune', 'bloodmagic:reinforcedslate', 'ars_nouveau:glyph_touch', 'bloodmagic:reinforcedslate', 'kubejs:cutting_essence', 'quark:red_rune', 'bloodmagic:reinforcedslate', 'ars_nouveau:glyph_harm', 'bloodmagic:reinforcedslate'],
	32000
).id('kubejs:blood_rune_sacrifice')

e.recipes.botania.runic_altar('bloodmagic:selfsacrificerune',
    ['bloodmagic:blankrune', 'quark:yellow_rune', 'bloodmagic:reinforcedslate', 'ars_nouveau:glyph_self', 'bloodmagic:reinforcedslate', 'kubejs:cutting_essence', 'quark:yellow_rune', 'bloodmagic:reinforcedslate', 'ars_nouveau:glyph_harm', 'bloodmagic:reinforcedslate'],
	32000
).id('kubejs:blood_rune_self_sacrifice')

e.recipes.botania.runic_altar('bloodmagic:dislocationrune',
    ['bloodmagic:blankrune', 'quark:blue_rune', 'bloodmagic:reinforcedslate', 'ars_nouveau:glyph_extract', 'bloodmagic:reinforcedslate', 'kubejs:cutting_essence', 'quark:blue_rune', 'bloodmagic:reinforcedslate', 'ars_nouveau:glyph_accelerate', 'bloodmagic:reinforcedslate'],
	32000
).id('kubejs:blood_rune_displacement')

e.recipes.botania.runic_altar('bloodmagic:altarcapacityrune',
    ['bloodmagic:blankrune', 'quark:orange_rune', 'bloodmagic:reinforcedslate', 'bloodmagic:reagentholding', 'bloodmagic:reinforcedslate', 'kubejs:cutting_essence', 'quark:orange_rune', 'bloodmagic:reinforcedslate', 'bloodmagic:reagentholding', 'bloodmagic:reinforcedslate'],
	64000
).id('kubejs:blood_rune_capacity')

e.recipes.botania.runic_altar('bloodmagic:bettercapacityrune',
    ['bloodmagic:altarcapacityrune', 'quark:red_rune', 'architects_palette:moonstone', 'ars_nouveau:glyph_amplify', 'bloodmagic:demonslate', 'bloodmagic:masterbloodorb', 'quark:red_rune', 'architects_palette:moonstone', 'ars_nouveau:glyph_amplify', 'bloodmagic:demonslate'],
	96000
).id('kubejs:blood_rune_aug_capacity')

e.recipes.botania.runic_altar('bloodmagic:orbcapacityrune',
    ['bloodmagic:blankrune', 'quark:cyan_rune', 'architects_palette:moonstone', 'bloodmagic:masterbloodorb', 'bloodmagic:demonslate', 'bloodmagic:masterbloodorb', 'quark:cyan_rune', 'architects_palette:moonstone', 'bloodmagic:masterbloodorb', 'bloodmagic:demonslate'],
	96000
).id('kubejs:blood_rune_orb')

e.recipes.botania.runic_altar('bloodmagic:accelerationrune',
    ['bloodmagic:speedrune', 'quark:light_blue_rune', 'architects_palette:moonstone', 'ars_nouveau:glyph_amplify', 'bloodmagic:demonslate', 'bloodmagic:masterbloodorb', 'quark:light_blue_rune', 'architects_palette:moonstone', 'ars_nouveau:glyph_amplify', 'bloodmagic:demonslate'],
	96000
).id('kubejs:blood_rune_acceleration')

e.recipes.botania.runic_altar('2x quark:white_rune',
    ['quark:white_crystal', 'quark:white_crystal', 'quark:white_crystal', 'quark:white_crystal', 'quark:white_crystal', 'quark:white_crystal', 'quark:white_crystal', 'quark:white_crystal'],
	4000
).id('quark:tools/crafting/runes/white_rune_from_crystal')

e.recipes.botania.runic_altar('2x quark:orange_rune',
    ['quark:orange_crystal', 'quark:orange_crystal', 'quark:orange_crystal', 'quark:orange_crystal', 'quark:orange_crystal', 'quark:orange_crystal', 'quark:orange_crystal', 'quark:orange_crystal'],
	4000
).id('quark:tools/crafting/runes/orange_rune_from_crystal')

e.recipes.botania.runic_altar('2x quark:magenta_rune',
    ['quark:violet_crystal', 'quark:violet_crystal', 'quark:violet_crystal', 'quark:violet_crystal', 'quark:violet_crystal', 'quark:violet_crystal', 'quark:violet_crystal', 'quark:violet_crystal'],
	4000
).id('quark:tools/crafting/runes/magenta_rune_from_crystal')

e.recipes.botania.runic_altar('2x quark:light_blue_rune',
    ['quark:blue_crystal', 'quark:blue_crystal', 'quark:blue_crystal', 'quark:blue_crystal', 'quark:blue_crystal', 'quark:blue_crystal', 'quark:blue_crystal', 'quark:blue_crystal'],
	4000
).id('quark:tools/crafting/runes/light_blue_rune_from_crystal')

e.recipes.botania.runic_altar('2x quark:yellow_rune',
    ['quark:yellow_crystal', 'quark:yellow_crystal', 'quark:yellow_crystal', 'quark:yellow_crystal', 'quark:yellow_crystal', 'quark:yellow_crystal', 'quark:yellow_crystal', 'quark:yellow_crystal'],
	4000
).id('quark:tools/crafting/runes/yellow_rune_from_crystal')

e.recipes.botania.runic_altar('2x quark:lime_rune',
    ['quark:green_crystal', 'quark:green_crystal', 'quark:green_crystal', 'quark:green_crystal', 'quark:green_crystal', 'quark:green_crystal', 'quark:green_crystal', 'quark:green_crystal'],
	4000
).id('quark:tools/crafting/runes/lime_rune_from_crystal')

e.recipes.botania.runic_altar('2x quark:blue_rune',
    ['quark:indigo_crystal', 'quark:indigo_crystal', 'quark:indigo_crystal', 'quark:indigo_crystal', 'quark:indigo_crystal', 'quark:indigo_crystal', 'quark:indigo_crystal', 'quark:indigo_crystal'],
	4000
).id('quark:tools/crafting/runes/blue_rune_from_crystal')

e.recipes.botania.runic_altar('2x quark:red_rune',
    ['quark:red_crystal', 'quark:red_crystal', 'quark:red_crystal', 'quark:red_crystal', 'quark:red_crystal', 'quark:red_crystal', 'quark:red_crystal', 'quark:red_crystal'],
	4000
).id('quark:tools/crafting/runes/red_rune_from_crystal')

e.recipes.botania.runic_altar('2x quark:black_rune',
    ['quark:black_crystal', 'quark:black_crystal', 'quark:black_crystal', 'quark:black_crystal', 'quark:black_crystal', 'quark:black_crystal', 'quark:black_crystal', 'quark:black_crystal'],
	4000
).id('quark:tools/crafting/runes/black_rune_from_crystal')

e.recipes.botania.runic_altar('8x quark:rainbow_rune',
    ['quark:red_rune', 'quark:orange_rune', 'quark:yellow_rune', 'quark:lime_rune', 'quark:light_blue_rune', 'quark:blue_rune', 'quark:magenta_rune', 'quark:white_rune'],
	32000
).id('quark:tools/crafting/runes/rainbow_rune2')

e.recipes.botania.runic_altar('2x kubejs:replaceme',
    ['kubejs:replaceme', '#forge:shards/aurora', '#forge:shards/aurora', '#forge:shards/aurora', '#forge:shards/aurora', '#botania:runes/mana', '#forge:shards/aurora', '#forge:shards/aurora', '#forge:shards/aurora', '#forge:shards/aurora'],
	32000
).id('kubejs:replaceme')

